<?xml version="1.0" encoding="UTF-8"?>
<testsuite name="asw.projectAsw.serviceA.SentenceApplicationTests" tests="1" skipped="1" failures="0" errors="0" timestamp="2019-06-24T01:21:20" hostname="DESKTOP-CHJ0U0T" time="0.0">
  <properties/>
  <testcase name="initializationError" classname="asw.projectAsw.serviceA.SentenceApplicationTests" time="0.0">
    <skipped/>
  </testcase>
  <system-out><![CDATA[03:21:20.536 [Test worker] DEBUG org.springframework.test.context.junit4.SpringJUnit4ClassRunner - SpringJUnit4ClassRunner constructor called with [class asw.projectAsw.serviceA.SentenceApplicationTests]
03:21:20.542 [Test worker] DEBUG org.springframework.test.context.BootstrapUtils - Instantiating CacheAwareContextLoaderDelegate from class [org.springframework.test.context.cache.DefaultCacheAwareContextLoaderDelegate]
03:21:20.549 [Test worker] DEBUG org.springframework.test.context.BootstrapUtils - Instantiating BootstrapContext using constructor [public org.springframework.test.context.support.DefaultBootstrapContext(java.lang.Class,org.springframework.test.context.CacheAwareContextLoaderDelegate)]
03:21:20.563 [Test worker] DEBUG org.springframework.test.context.BootstrapUtils - Instantiating TestContextBootstrapper for test class [asw.projectAsw.serviceA.SentenceApplicationTests] from class [org.springframework.boot.test.context.SpringBootTestContextBootstrapper]
03:21:20.576 [Test worker] INFO org.springframework.boot.test.context.SpringBootTestContextBootstrapper - Neither @ContextConfiguration nor @ContextHierarchy found for test class [asw.projectAsw.serviceA.SentenceApplicationTests], using SpringBootContextLoader
03:21:20.580 [Test worker] DEBUG org.springframework.test.context.support.AbstractContextLoader - Did not detect default resource location for test class [asw.projectAsw.serviceA.SentenceApplicationTests]: class path resource [asw/projectAsw/serviceA/SentenceApplicationTests-context.xml] does not exist
03:21:20.580 [Test worker] DEBUG org.springframework.test.context.support.AbstractContextLoader - Did not detect default resource location for test class [asw.projectAsw.serviceA.SentenceApplicationTests]: class path resource [asw/projectAsw/serviceA/SentenceApplicationTestsContext.groovy] does not exist
03:21:20.580 [Test worker] INFO org.springframework.test.context.support.AbstractContextLoader - Could not detect default resource locations for test class [asw.projectAsw.serviceA.SentenceApplicationTests]: no resource found for suffixes {-context.xml, Context.groovy}.
03:21:20.581 [Test worker] INFO org.springframework.test.context.support.AnnotationConfigContextLoaderUtils - Could not detect default configuration classes for test class [asw.projectAsw.serviceA.SentenceApplicationTests]: SentenceApplicationTests does not declare any static, non-private, non-final, nested classes annotated with @Configuration.
03:21:20.618 [Test worker] DEBUG org.springframework.test.context.support.ActiveProfilesUtils - Could not find an 'annotation declaring class' for annotation type [org.springframework.test.context.ActiveProfiles] and class [asw.projectAsw.serviceA.SentenceApplicationTests]
]]></system-out>
  <system-err><![CDATA[]]></system-err>
</testsuite>
