<?xml version="1.0" encoding="UTF-8"?>
<testsuite name="asw.sentenceservice.eurekaserver.CommonEurekaServerTests" tests="1" skipped="1" failures="0" errors="0" timestamp="2019-06-24T01:19:10" hostname="DESKTOP-CHJ0U0T" time="0.0">
  <properties/>
  <testcase name="contextLoads" classname="asw.sentenceservice.eurekaserver.CommonEurekaServerTests" time="0.0">
    <skipped/>
  </testcase>
  <system-out><![CDATA[03:19:10.097 [Test worker] DEBUG org.springframework.test.context.junit4.SpringJUnit4ClassRunner - SpringJUnit4ClassRunner constructor called with [class asw.sentenceservice.eurekaserver.CommonEurekaServerTests]
03:19:10.102 [Test worker] DEBUG org.springframework.test.context.BootstrapUtils - Instantiating CacheAwareContextLoaderDelegate from class [org.springframework.test.context.cache.DefaultCacheAwareContextLoaderDelegate]
03:19:10.109 [Test worker] DEBUG org.springframework.test.context.BootstrapUtils - Instantiating BootstrapContext using constructor [public org.springframework.test.context.support.DefaultBootstrapContext(java.lang.Class,org.springframework.test.context.CacheAwareContextLoaderDelegate)]
03:19:10.124 [Test worker] DEBUG org.springframework.test.context.BootstrapUtils - Instantiating TestContextBootstrapper for test class [asw.sentenceservice.eurekaserver.CommonEurekaServerTests] from class [org.springframework.boot.test.context.SpringBootTestContextBootstrapper]
03:19:10.134 [Test worker] INFO org.springframework.boot.test.context.SpringBootTestContextBootstrapper - Neither @ContextConfiguration nor @ContextHierarchy found for test class [asw.sentenceservice.eurekaserver.CommonEurekaServerTests], using SpringBootContextLoader
03:19:10.137 [Test worker] DEBUG org.springframework.test.context.support.AbstractContextLoader - Did not detect default resource location for test class [asw.sentenceservice.eurekaserver.CommonEurekaServerTests]: class path resource [asw/sentenceservice/eurekaserver/CommonEurekaServerTests-context.xml] does not exist
03:19:10.137 [Test worker] DEBUG org.springframework.test.context.support.AbstractContextLoader - Did not detect default resource location for test class [asw.sentenceservice.eurekaserver.CommonEurekaServerTests]: class path resource [asw/sentenceservice/eurekaserver/CommonEurekaServerTestsContext.groovy] does not exist
03:19:10.137 [Test worker] INFO org.springframework.test.context.support.AbstractContextLoader - Could not detect default resource locations for test class [asw.sentenceservice.eurekaserver.CommonEurekaServerTests]: no resource found for suffixes {-context.xml, Context.groovy}.
03:19:10.138 [Test worker] INFO org.springframework.test.context.support.AnnotationConfigContextLoaderUtils - Could not detect default configuration classes for test class [asw.sentenceservice.eurekaserver.CommonEurekaServerTests]: CommonEurekaServerTests does not declare any static, non-private, non-final, nested classes annotated with @Configuration.
03:19:10.170 [Test worker] DEBUG org.springframework.test.context.support.ActiveProfilesUtils - Could not find an 'annotation declaring class' for annotation type [org.springframework.test.context.ActiveProfiles] and class [asw.sentenceservice.eurekaserver.CommonEurekaServerTests]
03:19:10.220 [Test worker] DEBUG org.springframework.context.annotation.ClassPathScanningCandidateComponentProvider - Identified candidate component class: file [C:\Users\ludovico\Documents\bibbo\i-asw-project\eureka-server\build\classes\java\main\asw\sentenceservice\eurekaserver\CommonEurekaServer.class]
03:19:10.221 [Test worker] INFO org.springframework.boot.test.context.SpringBootTestContextBootstrapper - Found @SpringBootConfiguration asw.sentenceservice.eurekaserver.CommonEurekaServer for test class asw.sentenceservice.eurekaserver.CommonEurekaServerTests
03:19:10.323 [Test worker] DEBUG org.springframework.boot.test.context.SpringBootTestContextBootstrapper - @TestExecutionListeners is not present for class [asw.sentenceservice.eurekaserver.CommonEurekaServerTests]: using defaults.
03:19:10.323 [Test worker] INFO org.springframework.boot.test.context.SpringBootTestContextBootstrapper - Loaded default TestExecutionListener class names from location [META-INF/spring.factories]: [org.springframework.boot.test.autoconfigure.restdocs.RestDocsTestExecutionListener, org.springframework.boot.test.autoconfigure.web.client.MockRestServiceServerResetTestExecutionListener, org.springframework.boot.test.autoconfigure.web.servlet.MockMvcPrintOnlyOnFailureTestExecutionListener, org.springframework.boot.test.autoconfigure.web.servlet.WebDriverTestExecutionListener, org.springframework.boot.test.mock.mockito.MockitoTestExecutionListener, org.springframework.boot.test.mock.mockito.ResetMocksTestExecutionListener, org.springframework.test.context.web.ServletTestExecutionListener, org.springframework.test.context.support.DirtiesContextBeforeModesTestExecutionListener, org.springframework.test.context.support.DependencyInjectionTestExecutionListener, org.springframework.test.context.support.DirtiesContextTestExecutionListener, org.springframework.test.context.transaction.TransactionalTestExecutionListener, org.springframework.test.context.jdbc.SqlScriptsTestExecutionListener]
03:19:10.332 [Test worker] DEBUG org.springframework.boot.test.context.SpringBootTestContextBootstrapper - Skipping candidate TestExecutionListener [org.springframework.test.context.transaction.TransactionalTestExecutionListener] due to a missing dependency. Specify custom listener classes or make the default listener classes and their required dependencies available. Offending class: [org/springframework/transaction/interceptor/TransactionAttributeSource]
03:19:10.333 [Test worker] DEBUG org.springframework.boot.test.context.SpringBootTestContextBootstrapper - Skipping candidate TestExecutionListener [org.springframework.test.context.jdbc.SqlScriptsTestExecutionListener] due to a missing dependency. Specify custom listener classes or make the default listener classes and their required dependencies available. Offending class: [org/springframework/transaction/interceptor/TransactionAttribute]
03:19:10.333 [Test worker] INFO org.springframework.boot.test.context.SpringBootTestContextBootstrapper - Using TestExecutionListeners: [org.springframework.test.context.web.ServletTestExecutionListener@71603cf6, org.springframework.test.context.support.DirtiesContextBeforeModesTestExecutionListener@6b66aa0d, org.springframework.boot.test.mock.mockito.MockitoTestExecutionListener@8380be3, org.springframework.boot.test.autoconfigure.SpringBootDependencyInjectionTestExecutionListener@3567c212, org.springframework.test.context.support.DirtiesContextTestExecutionListener@4590dfc4, org.springframework.boot.test.autoconfigure.restdocs.RestDocsTestExecutionListener@1bf833b9, org.springframework.boot.test.autoconfigure.web.client.MockRestServiceServerResetTestExecutionListener@53575436, org.springframework.boot.test.autoconfigure.web.servlet.MockMvcPrintOnlyOnFailureTestExecutionListener@58ab7b1c, org.springframework.boot.test.autoconfigure.web.servlet.WebDriverTestExecutionListener@1b86f132, org.springframework.boot.test.mock.mockito.ResetMocksTestExecutionListener@41b97c00]
03:19:10.334 [Test worker] DEBUG org.springframework.test.annotation.ProfileValueUtils - Retrieved @ProfileValueSourceConfiguration [null] for test class [asw.sentenceservice.eurekaserver.CommonEurekaServerTests]
03:19:10.335 [Test worker] DEBUG org.springframework.test.annotation.ProfileValueUtils - Retrieved ProfileValueSource type [class org.springframework.test.annotation.SystemProfileValueSource] for class [asw.sentenceservice.eurekaserver.CommonEurekaServerTests]
]]></system-out>
  <system-err><![CDATA[]]></system-err>
</testsuite>
